<?xml version="1.0" encoding="UTF-8"?>
<!-- Generated by org.testng.reporters.JUnitXMLReporter -->
<testsuite ignored="4" hostname="LAPTOP-JKMG9J6B" failures="0" tests="4" name="Testcases" time="0.054" errors="0" timestamp="2020-12-18T10:40:09 EST">
  <testcase classname="testNG.GroupingExamples" name="apple1" time="0.008"/>
  <testcase classname="testNG.GroupingExamples" name="apple2" time="0.001"/>
  <testcase classname="testNG.GroupingExamples" name="lenova1" time="0.001"/>
  <testcase classname="testNG.GroupingExamples" name="lenova2" time="0.002"/>
  <testcase classname="testNG.GroupingExamples" name="moto2" time="0.0">
    <ignored/>
  </testcase> <!-- moto2 -->
  <testcase classname="testNG.GroupingExamples" name="vivo1" time="0.0">
    <ignored/>
  </testcase> <!-- vivo1 -->
  <testcase classname="testNG.GroupingExamples" name="vivo2" time="0.0">
    <ignored/>
  </testcase> <!-- vivo2 -->
  <testcase classname="testNG.GroupingExamples" name="moto1" time="0.0">
    <ignored/>
  </testcase> <!-- moto1 -->
</testsuite> <!-- Testcases -->
